<?xml version="1.0" encoding="UTF-8" ?>
<testsuite failures="0" time="0.097" errors="0" skipped="0" tests="7" name="com.hxd.test.TemplateServiceTest">
  <properties>
    <property name="java.runtime.name" value="Java(TM) SE Runtime Environment"/>
    <property name="sun.boot.library.path" value="D:\dev_tools\jdk1.7.0_45\jre\bin"/>
    <property name="java.vm.version" value="24.45-b08"/>
    <property name="java.vm.vendor" value="Oracle Corporation"/>
    <property name="java.vendor.url" value="http://java.oracle.com/"/>
    <property name="path.separator" value=";"/>
    <property name="java.vm.name" value="Java HotSpot(TM) 64-Bit Server VM"/>
    <property name="file.encoding.pkg" value="sun.io"/>
    <property name="user.script" value=""/>
    <property name="user.country" value="CN"/>
    <property name="sun.java.launcher" value="SUN_STANDARD"/>
    <property name="sun.os.patch.level" value="Service Pack 1"/>
    <property name="java.vm.specification.name" value="Java Virtual Machine Specification"/>
    <property name="user.dir" value="D:\dev_tools\eclipse-jee-luna\workspace\cas\cas-core"/>
    <property name="java.runtime.version" value="1.7.0_45-b18"/>
    <property name="java.awt.graphicsenv" value="sun.awt.Win32GraphicsEnvironment"/>
    <property name="basedir" value="D:\dev_tools\eclipse-jee-luna\workspace\cas\cas-core"/>
    <property name="java.endorsed.dirs" value="D:\dev_tools\jdk1.7.0_45\jre\lib\endorsed"/>
    <property name="os.arch" value="amd64"/>
    <property name="surefire.real.class.path" value="C:\Users\ADMINI~1\AppData\Local\Temp\surefirebooter5772167632519072707.jar"/>
    <property name="java.io.tmpdir" value="C:\Users\ADMINI~1\AppData\Local\Temp\"/>
    <property name="line.separator" value="
"/>
    <property name="java.vm.specification.vendor" value="Oracle Corporation"/>
    <property name="user.variant" value=""/>
    <property name="os.name" value="Windows 7"/>
    <property name="sun.jnu.encoding" value="GBK"/>
    <property name="java.library.path" value="D:\dev_tools\jdk1.7.0_45\jre\bin;C:\Windows\Sun\Java\bin;C:\Windows\system32;C:\Windows;C:/Program Files/Java/jre1.8.0_31/bin/server;C:/Program Files/Java/jre1.8.0_31/bin;C:/Program Files/Java/jre1.8.0_31/lib/amd64;D:\app\Administrator\product\11.2.0\dbhome_1\bin;C:\ProgramData\Oracle\Java\javapath;C:\Program Files (x86)\NVIDIA Corporation\PhysX\Common;C:\Program Files (x86)\Intel\iCLS Client\;C:\Program Files\Intel\iCLS Client\;C:\Windows\system32;C:\Windows;C:\Windows\System32\Wbem;C:\Windows\System32\WindowsPowerShell\v1.0\;C:\Program Files\Intel\Intel(R) Management Engine Components\DAL;C:\Program Files\Intel\Intel(R) Management Engine Components\IPT;C:\Program Files (x86)\Intel\Intel(R) Management Engine Components\DAL;C:\Program Files (x86)\Intel\Intel(R) Management Engine Components\IPT;C:\jdk1.8.0_25\bin;D:\softwareInstall\TortoiseSVN\bin;D:\dev_tools\maven-3.2.5\bin;C:\Program Files\nodejs\;C:\Users\Administrator\AppData\Roaming\npm;D:\dev_tools\eclipse-jee-luna;;."/>
    <property name="surefire.test.class.path" value="D:\dev_tools\eclipse-jee-luna\workspace\cas\cas-core\target\test-classes;D:\dev_tools\eclipse-jee-luna\workspace\cas\cas-core\target\classes;D:\dev_tools\maven-3.2.5\repository\org\aspectj\aspectjrt\1.8.5\aspectjrt-1.8.5.jar;D:\dev_tools\maven-3.2.5\repository\org\aspectj\aspectjweaver\1.8.5\aspectjweaver-1.8.5.jar;D:\dev_tools\maven-3.2.5\repository\cglib\cglib\3.1\cglib-3.1.jar;D:\dev_tools\maven-3.2.5\repository\org\ow2\asm\asm\4.2\asm-4.2.jar;D:\dev_tools\maven-3.2.5\repository\javax\mail\mail\1.4.7\mail-1.4.7.jar;D:\dev_tools\maven-3.2.5\repository\javax\activation\activation\1.1\activation-1.1.jar;D:\dev_tools\maven-3.2.5\repository\eu\bitwalker\UserAgentUtils\1.15\UserAgentUtils-1.15.jar;D:\dev_tools\maven-3.2.5\repository\mysql\mysql-connector-java\5.1.35\mysql-connector-java-5.1.35.jar;D:\dev_tools\maven-3.2.5\repository\com\alibaba\druid\1.0.13\druid-1.0.13.jar;D:\dev_tools\jdk1.7.0_45\jre\..\lib\jconsole.jar;D:\dev_tools\jdk1.7.0_45\jre\..\lib\tools.jar;D:\dev_tools\maven-3.2.5\repository\org\springframework\spring-core\3.1.2.RELEASE\spring-core-3.1.2.RELEASE.jar;D:\dev_tools\maven-3.2.5\repository\org\springframework\spring-asm\3.1.2.RELEASE\spring-asm-3.1.2.RELEASE.jar;D:\dev_tools\maven-3.2.5\repository\org\springframework\spring-beans\3.1.2.RELEASE\spring-beans-3.1.2.RELEASE.jar;D:\dev_tools\maven-3.2.5\repository\org\springframework\spring-context\3.1.2.RELEASE\spring-context-3.1.2.RELEASE.jar;D:\dev_tools\maven-3.2.5\repository\org\springframework\spring-aop\3.1.2.RELEASE\spring-aop-3.1.2.RELEASE.jar;D:\dev_tools\maven-3.2.5\repository\org\springframework\spring-expression\3.1.2.RELEASE\spring-expression-3.1.2.RELEASE.jar;D:\dev_tools\maven-3.2.5\repository\org\springframework\spring-tx\3.1.2.RELEASE\spring-tx-3.1.2.RELEASE.jar;D:\dev_tools\maven-3.2.5\repository\aopalliance\aopalliance\1.0\aopalliance-1.0.jar;D:\dev_tools\maven-3.2.5\repository\org\springframework\spring-web\3.1.2.RELEASE\spring-web-3.1.2.RELEASE.jar;D:\dev_tools\maven-3.2.5\repository\org\springframework\spring-webmvc\3.1.2.RELEASE\spring-webmvc-3.1.2.RELEASE.jar;D:\dev_tools\maven-3.2.5\repository\org\springframework\spring-context-support\3.1.2.RELEASE\spring-context-support-3.1.2.RELEASE.jar;D:\dev_tools\maven-3.2.5\repository\org\springframework\spring-jdbc\3.1.2.RELEASE\spring-jdbc-3.1.2.RELEASE.jar;D:\dev_tools\maven-3.2.5\repository\org\springframework\spring-test\3.1.2.RELEASE\spring-test-3.1.2.RELEASE.jar;D:\dev_tools\maven-3.2.5\repository\org\mybatis\mybatis\3.0.6\mybatis-3.0.6.jar;D:\dev_tools\maven-3.2.5\repository\org\mybatis\mybatis-spring\1.0.2\mybatis-spring-1.0.2.jar;D:\dev_tools\maven-3.2.5\repository\org\mybatis\generator\mybatis-generator-core\1.3.2\mybatis-generator-core-1.3.2.jar;D:\dev_tools\maven-3.2.5\repository\org\apache\shiro\shiro-core\1.2.3\shiro-core-1.2.3.jar;D:\dev_tools\maven-3.2.5\repository\commons-beanutils\commons-beanutils\1.8.3\commons-beanutils-1.8.3.jar;D:\dev_tools\maven-3.2.5\repository\org\apache\shiro\shiro-spring\1.2.3\shiro-spring-1.2.3.jar;D:\dev_tools\maven-3.2.5\repository\org\apache\shiro\shiro-web\1.2.3\shiro-web-1.2.3.jar;D:\dev_tools\maven-3.2.5\repository\org\apache\shiro\shiro-ehcache\1.2.3\shiro-ehcache-1.2.3.jar;D:\dev_tools\maven-3.2.5\repository\net\sf\ehcache\ehcache-core\2.5.0\ehcache-core-2.5.0.jar;D:\dev_tools\maven-3.2.5\repository\org\codehaus\jackson\jackson-core-asl\1.9.13\jackson-core-asl-1.9.13.jar;D:\dev_tools\maven-3.2.5\repository\org\codehaus\jackson\jackson-mapper-asl\1.9.13\jackson-mapper-asl-1.9.13.jar;D:\dev_tools\maven-3.2.5\repository\org\codehaus\jackson\jackson-mapper-lgpl\1.9.13\jackson-mapper-lgpl-1.9.13.jar;D:\dev_tools\maven-3.2.5\repository\org\codehaus\jackson\jackson-core-lgpl\1.9.13\jackson-core-lgpl-1.9.13.jar;D:\dev_tools\maven-3.2.5\repository\com\alibaba\fastjson\1.2.5\fastjson-1.2.5.jar;D:\dev_tools\maven-3.2.5\repository\javax\servlet\servlet-api\2.5\servlet-api-2.5.jar;D:\dev_tools\maven-3.2.5\repository\javax\servlet\jsp\jsp-api\2.1\jsp-api-2.1.jar;D:\dev_tools\maven-3.2.5\repository\javax\servlet\jstl\1.2\jstl-1.2.jar;D:\dev_tools\maven-3.2.5\repository\taglibs\standard\1.1.2\standard-1.1.2.jar;D:\dev_tools\maven-3.2.5\repository\org\apache\commons\commons-lang3\3.3.2\commons-lang3-3.3.2.jar;D:\dev_tools\maven-3.2.5\repository\commons-codec\commons-codec\1.10\commons-codec-1.10.jar;D:\dev_tools\maven-3.2.5\repository\commons-io\commons-io\2.4\commons-io-2.4.jar;D:\dev_tools\maven-3.2.5\repository\commons-fileupload\commons-fileupload\1.3.1\commons-fileupload-1.3.1.jar;D:\dev_tools\maven-3.2.5\repository\org\freemarker\freemarker\2.3.22\freemarker-2.3.22.jar;D:\dev_tools\maven-3.2.5\repository\opensymphony\sitemesh\2.4.2\sitemesh-2.4.2.jar;D:\dev_tools\maven-3.2.5\repository\junit\junit\4.12\junit-4.12.jar;D:\dev_tools\maven-3.2.5\repository\org\hamcrest\hamcrest-core\1.3\hamcrest-core-1.3.jar;D:\dev_tools\maven-3.2.5\repository\commons-logging\commons-logging\1.2\commons-logging-1.2.jar;D:\dev_tools\maven-3.2.5\repository\org\slf4j\slf4j-api\1.7.12\slf4j-api-1.7.12.jar;D:\dev_tools\maven-3.2.5\repository\org\slf4j\slf4j-log4j12\1.7.12\slf4j-log4j12-1.7.12.jar;D:\dev_tools\maven-3.2.5\repository\log4j\log4j\1.2.17\log4j-1.2.17.jar;D:\dev_tools\maven-3.2.5\repository\com\belerweb\pinyin4j\2.5.0\pinyin4j-2.5.0.jar;"/>
    <property name="java.specification.name" value="Java Platform API Specification"/>
    <property name="java.class.version" value="51.0"/>
    <property name="sun.management.compiler" value="HotSpot 64-Bit Tiered Compilers"/>
    <property name="os.version" value="6.1"/>
    <property name="user.home" value="C:\Users\Administrator"/>
    <property name="user.timezone" value="Asia/Shanghai"/>
    <property name="java.awt.printerjob" value="sun.awt.windows.WPrinterJob"/>
    <property name="java.specification.version" value="1.7"/>
    <property name="file.encoding" value="GBK"/>
    <property name="user.name" value="Administrator"/>
    <property name="java.class.path" value="D:\dev_tools\eclipse-jee-luna\workspace\cas\cas-core\target\test-classes;D:\dev_tools\eclipse-jee-luna\workspace\cas\cas-core\target\classes;D:\dev_tools\maven-3.2.5\repository\org\aspectj\aspectjrt\1.8.5\aspectjrt-1.8.5.jar;D:\dev_tools\maven-3.2.5\repository\org\aspectj\aspectjweaver\1.8.5\aspectjweaver-1.8.5.jar;D:\dev_tools\maven-3.2.5\repository\cglib\cglib\3.1\cglib-3.1.jar;D:\dev_tools\maven-3.2.5\repository\org\ow2\asm\asm\4.2\asm-4.2.jar;D:\dev_tools\maven-3.2.5\repository\javax\mail\mail\1.4.7\mail-1.4.7.jar;D:\dev_tools\maven-3.2.5\repository\javax\activation\activation\1.1\activation-1.1.jar;D:\dev_tools\maven-3.2.5\repository\eu\bitwalker\UserAgentUtils\1.15\UserAgentUtils-1.15.jar;D:\dev_tools\maven-3.2.5\repository\mysql\mysql-connector-java\5.1.35\mysql-connector-java-5.1.35.jar;D:\dev_tools\maven-3.2.5\repository\com\alibaba\druid\1.0.13\druid-1.0.13.jar;D:\dev_tools\jdk1.7.0_45\jre\..\lib\jconsole.jar;D:\dev_tools\jdk1.7.0_45\jre\..\lib\tools.jar;D:\dev_tools\maven-3.2.5\repository\org\springframework\spring-core\3.1.2.RELEASE\spring-core-3.1.2.RELEASE.jar;D:\dev_tools\maven-3.2.5\repository\org\springframework\spring-asm\3.1.2.RELEASE\spring-asm-3.1.2.RELEASE.jar;D:\dev_tools\maven-3.2.5\repository\org\springframework\spring-beans\3.1.2.RELEASE\spring-beans-3.1.2.RELEASE.jar;D:\dev_tools\maven-3.2.5\repository\org\springframework\spring-context\3.1.2.RELEASE\spring-context-3.1.2.RELEASE.jar;D:\dev_tools\maven-3.2.5\repository\org\springframework\spring-aop\3.1.2.RELEASE\spring-aop-3.1.2.RELEASE.jar;D:\dev_tools\maven-3.2.5\repository\org\springframework\spring-expression\3.1.2.RELEASE\spring-expression-3.1.2.RELEASE.jar;D:\dev_tools\maven-3.2.5\repository\org\springframework\spring-tx\3.1.2.RELEASE\spring-tx-3.1.2.RELEASE.jar;D:\dev_tools\maven-3.2.5\repository\aopalliance\aopalliance\1.0\aopalliance-1.0.jar;D:\dev_tools\maven-3.2.5\repository\org\springframework\spring-web\3.1.2.RELEASE\spring-web-3.1.2.RELEASE.jar;D:\dev_tools\maven-3.2.5\repository\org\springframework\spring-webmvc\3.1.2.RELEASE\spring-webmvc-3.1.2.RELEASE.jar;D:\dev_tools\maven-3.2.5\repository\org\springframework\spring-context-support\3.1.2.RELEASE\spring-context-support-3.1.2.RELEASE.jar;D:\dev_tools\maven-3.2.5\repository\org\springframework\spring-jdbc\3.1.2.RELEASE\spring-jdbc-3.1.2.RELEASE.jar;D:\dev_tools\maven-3.2.5\repository\org\springframework\spring-test\3.1.2.RELEASE\spring-test-3.1.2.RELEASE.jar;D:\dev_tools\maven-3.2.5\repository\org\mybatis\mybatis\3.0.6\mybatis-3.0.6.jar;D:\dev_tools\maven-3.2.5\repository\org\mybatis\mybatis-spring\1.0.2\mybatis-spring-1.0.2.jar;D:\dev_tools\maven-3.2.5\repository\org\mybatis\generator\mybatis-generator-core\1.3.2\mybatis-generator-core-1.3.2.jar;D:\dev_tools\maven-3.2.5\repository\org\apache\shiro\shiro-core\1.2.3\shiro-core-1.2.3.jar;D:\dev_tools\maven-3.2.5\repository\commons-beanutils\commons-beanutils\1.8.3\commons-beanutils-1.8.3.jar;D:\dev_tools\maven-3.2.5\repository\org\apache\shiro\shiro-spring\1.2.3\shiro-spring-1.2.3.jar;D:\dev_tools\maven-3.2.5\repository\org\apache\shiro\shiro-web\1.2.3\shiro-web-1.2.3.jar;D:\dev_tools\maven-3.2.5\repository\org\apache\shiro\shiro-ehcache\1.2.3\shiro-ehcache-1.2.3.jar;D:\dev_tools\maven-3.2.5\repository\net\sf\ehcache\ehcache-core\2.5.0\ehcache-core-2.5.0.jar;D:\dev_tools\maven-3.2.5\repository\org\codehaus\jackson\jackson-core-asl\1.9.13\jackson-core-asl-1.9.13.jar;D:\dev_tools\maven-3.2.5\repository\org\codehaus\jackson\jackson-mapper-asl\1.9.13\jackson-mapper-asl-1.9.13.jar;D:\dev_tools\maven-3.2.5\repository\org\codehaus\jackson\jackson-mapper-lgpl\1.9.13\jackson-mapper-lgpl-1.9.13.jar;D:\dev_tools\maven-3.2.5\repository\org\codehaus\jackson\jackson-core-lgpl\1.9.13\jackson-core-lgpl-1.9.13.jar;D:\dev_tools\maven-3.2.5\repository\com\alibaba\fastjson\1.2.5\fastjson-1.2.5.jar;D:\dev_tools\maven-3.2.5\repository\javax\servlet\servlet-api\2.5\servlet-api-2.5.jar;D:\dev_tools\maven-3.2.5\repository\javax\servlet\jsp\jsp-api\2.1\jsp-api-2.1.jar;D:\dev_tools\maven-3.2.5\repository\javax\servlet\jstl\1.2\jstl-1.2.jar;D:\dev_tools\maven-3.2.5\repository\taglibs\standard\1.1.2\standard-1.1.2.jar;D:\dev_tools\maven-3.2.5\repository\org\apache\commons\commons-lang3\3.3.2\commons-lang3-3.3.2.jar;D:\dev_tools\maven-3.2.5\repository\commons-codec\commons-codec\1.10\commons-codec-1.10.jar;D:\dev_tools\maven-3.2.5\repository\commons-io\commons-io\2.4\commons-io-2.4.jar;D:\dev_tools\maven-3.2.5\repository\commons-fileupload\commons-fileupload\1.3.1\commons-fileupload-1.3.1.jar;D:\dev_tools\maven-3.2.5\repository\org\freemarker\freemarker\2.3.22\freemarker-2.3.22.jar;D:\dev_tools\maven-3.2.5\repository\opensymphony\sitemesh\2.4.2\sitemesh-2.4.2.jar;D:\dev_tools\maven-3.2.5\repository\junit\junit\4.12\junit-4.12.jar;D:\dev_tools\maven-3.2.5\repository\org\hamcrest\hamcrest-core\1.3\hamcrest-core-1.3.jar;D:\dev_tools\maven-3.2.5\repository\commons-logging\commons-logging\1.2\commons-logging-1.2.jar;D:\dev_tools\maven-3.2.5\repository\org\slf4j\slf4j-api\1.7.12\slf4j-api-1.7.12.jar;D:\dev_tools\maven-3.2.5\repository\org\slf4j\slf4j-log4j12\1.7.12\slf4j-log4j12-1.7.12.jar;D:\dev_tools\maven-3.2.5\repository\log4j\log4j\1.2.17\log4j-1.2.17.jar;D:\dev_tools\maven-3.2.5\repository\com\belerweb\pinyin4j\2.5.0\pinyin4j-2.5.0.jar;"/>
    <property name="java.vm.specification.version" value="1.7"/>
    <property name="sun.arch.data.model" value="64"/>
    <property name="java.home" value="D:\dev_tools\jdk1.7.0_45\jre"/>
    <property name="sun.java.command" value="C:\Users\ADMINI~1\AppData\Local\Temp\surefirebooter5772167632519072707.jar C:\Users\ADMINI~1\AppData\Local\Temp\surefire1671796955435868445tmp C:\Users\ADMINI~1\AppData\Local\Temp\surefire6203867221288131343tmp"/>
    <property name="java.specification.vendor" value="Oracle Corporation"/>
    <property name="user.language" value="zh"/>
    <property name="awt.toolkit" value="sun.awt.windows.WToolkit"/>
    <property name="java.vm.info" value="mixed mode"/>
    <property name="java.version" value="1.7.0_45"/>
    <property name="java.ext.dirs" value="D:\dev_tools\jdk1.7.0_45\jre\lib\ext;C:\Windows\Sun\Java\lib\ext"/>
    <property name="sun.boot.class.path" value="D:\dev_tools\jdk1.7.0_45\jre\lib\resources.jar;D:\dev_tools\jdk1.7.0_45\jre\lib\rt.jar;D:\dev_tools\jdk1.7.0_45\jre\lib\sunrsasign.jar;D:\dev_tools\jdk1.7.0_45\jre\lib\jsse.jar;D:\dev_tools\jdk1.7.0_45\jre\lib\jce.jar;D:\dev_tools\jdk1.7.0_45\jre\lib\charsets.jar;D:\dev_tools\jdk1.7.0_45\jre\lib\jfr.jar;D:\dev_tools\jdk1.7.0_45\jre\classes"/>
    <property name="java.vendor" value="Oracle Corporation"/>
    <property name="localRepository" value="D:\dev_tools\maven-3.2.5\repository"/>
    <property name="file.separator" value="\"/>
    <property name="java.vendor.url.bug" value="http://bugreport.sun.com/bugreport/"/>
    <property name="sun.cpu.endian" value="little"/>
    <property name="sun.io.unicode.encoding" value="UnicodeLittle"/>
    <property name="sun.desktop" value="windows"/>
    <property name="sun.cpu.isalist" value="amd64"/>
  </properties>
  <testcase time="0.009" classname="com.hxd.test.TemplateServiceTest" name="testQueryPage"/>
  <testcase time="0.001" classname="com.hxd.test.TemplateServiceTest" name="testQueryCount"/>
  <testcase time="0.001" classname="com.hxd.test.TemplateServiceTest" name="testInsertSelective"/>
  <testcase time="0.001" classname="com.hxd.test.TemplateServiceTest" name="testDelete"/>
  <testcase time="0.071" classname="com.hxd.test.TemplateServiceTest" name="testInsert"/>
  <testcase time="0" classname="com.hxd.test.TemplateServiceTest" name="testSelect"/>
  <testcase time="0" classname="com.hxd.test.TemplateServiceTest" name="testUpdate"/>
</testsuite>